<?xml version="1.0" encoding="UTF-8"?>
<!-- Generated by org.testng.reporters.JUnitReportReporter -->
<testsuite hostname="PTL594" failures="0" tests="1" name="central.reports.GRN_Bulk" time="32.578" errors="0" timestamp="2023-05-05T17:22:30 IST" skipped="0">
  <testcase classname="central.reports.GRN_Bulk" name="abc" time="32.578"/>
  <system-out/>
</testsuite> <!-- central.reports.GRN_Bulk -->
