<?xml version="1.0" encoding="UTF-8"?>
<!-- Generated by org.testng.reporters.JUnitReportReporter -->
<testsuite hostname="PTL594" failures="0" tests="1" name="central.reports.Bulk_GRN_Upload" time="37.092" errors="0" timestamp="2023-05-08T17:21:30 IST" skipped="0">
  <testcase classname="central.reports.Bulk_GRN_Upload" name="Grn_Upload" time="37.092"/>
  <system-out/>
</testsuite> <!-- central.reports.Bulk_GRN_Upload -->
