<?xml version="1.0" encoding="UTF-8"?>
<!-- Generated by org.testng.reporters.JUnitReportReporter -->
<testsuite hostname="PTL594" failures="0" tests="1" name="central.reports.Baseclass" time="6.885" errors="0" timestamp="2023-04-21T15:10:33 IST" skipped="0">
  <testcase classname="central.reports.Baseclass" name="Logininfo" time="6.885"/>
  <system-out/>
</testsuite> <!-- central.reports.Baseclass -->
