<?xml version="1.0" encoding="UTF-8"?>
<!-- Generated by org.testng.reporters.JUnitReportReporter -->
<testsuite hostname="PTL594" failures="0" tests="1" name="Projects.Dummy.testing_class" time="0.012" errors="0" timestamp="2023-04-24T11:57:57 IST" skipped="0">
  <testcase classname="Projects.Dummy.testing_class" name="testMethod" time="0.012"/>
  <system-out/>
</testsuite> <!-- Projects.Dummy.testing_class -->
