<?xml version="1.0" encoding="UTF-8"?>
<!-- Generated by org.testng.reporters.JUnitReportReporter -->
<testsuite hostname="DESKTOP-FD4DE75" failures="0" tests="2" name="Projects.Dummy.Class_Two" time="0.011" errors="0" timestamp="2023-04-12T17:07:02 IST" skipped="0">
  <testcase classname="Projects.Dummy.Class_Two" name="g" time="0.010"/>
  <system-out/>
  <testcase classname="Projects.Dummy.Class_Two" name="f" time="0.001"/>
  <system-out/>
</testsuite> <!-- Projects.Dummy.Class_Two -->
