<?xml version="1.0" encoding="UTF-8"?>
<!-- Generated by org.testng.reporters.JUnitReportReporter -->
<testsuite hostname="PTL594" failures="0" tests="2" name="Projects.Dummy.Annotation" time="0.015" errors="0" timestamp="2023-04-25T15:00:45 IST" skipped="0">
  <testcase classname="Projects.Dummy.Annotation" name="testMethod" time="0.008"/>
  <system-out/>
  <testcase classname="Projects.Dummy.Annotation" name="testMethod123" time="0.007"/>
  <system-out/>
</testsuite> <!-- Projects.Dummy.Annotation -->
