<?xml version="1.0" encoding="UTF-8"?>
<!-- Generated by org.testng.reporters.JUnitReportReporter -->
<testsuite hostname="DESKTOP-FD4DE75" failures="0" tests="2" name="Projects.Dummy.Class_One" time="0.005" errors="0" timestamp="2023-04-12T17:07:02 IST" skipped="0">
  <testcase classname="Projects.Dummy.Class_One" name="b" time="0.002"/>
  <system-out/>
  <testcase classname="Projects.Dummy.Class_One" name="a" time="0.003"/>
  <system-out/>
</testsuite> <!-- Projects.Dummy.Class_One -->
