<?xml version="1.0" encoding="UTF-8"?>
<!-- Generated by org.testng.reporters.JUnitReportReporter -->
<testsuite hostname="PTL594" failures="0" tests="1" name="central.reports.Offers" time="15.005" errors="0" timestamp="2023-04-28T15:33:32 IST" skipped="0">
  <testcase classname="central.reports.Offers" name="offers" time="15.005"/>
  <system-out/>
</testsuite> <!-- central.reports.Offers -->
